DOMAIN-SUFFIX,2ip.ru
DOMAIN-SUFFIX,forabank.ru
DOMAIN-SUFFIX,ozon.ru
DOMAIN-SUFFIX,ozonusercontent.com
DOMAIN-SUFFIX,ozon-st.cdn.ngenix.net
DOMAIN-SUFFIX,ozon-api.com
DOMAIN-SUFFIX,yastatic.net
DOMAIN-SUFFIX,yandexcloud.net
DOMAIN-SUFFIX,ya.ru
DOMAIN-KEYWORD,aviasales  
DOMAIN-SUFFIX,magnit.ru
DOMAIN-SUFFIX,dixy.ru
DOMAIN-SUFFIX,winelab.ru
DOMAIN-KEYWORD,yandex
DOMAIN-SUFFIX,cdek.ru
DOMAIN-SUFFIX,cdekapi.ru
DOMAIN-KEYWORD,2gis
DOMAIN-SUFFIX,max.ru
DOMAIN-SUFFIX,oneme.ru
DOMAIN-SUFFIX,oneme.io
DOMAIN-SUFFIX,vk.com
DOMAIN-SUFFIX,vkuser.net
DOMAIN-SUFFIX,vkcdn.net
DOMAIN-SUFFIX,mycdn.me
DOMAIN-KEYWORD,ivi
DOMAIN-SUFFIX,okko.tv
DOMAIN-SUFFIX,okko.ru
DOMAIN-SUFFIX,kinopoisk.ru
DOMAIN-SUFFIX,kion.ru
DOMAIN-SUFFIX,kioncdn.net
DOMAIN-SUFFIX,sky4data.com
DOMAIN-SUFFIX,globalsign.com
DOMAIN-SUFFIX,yookassa.ru
DOMAIN-SUFFIX,cloudpayments.ru
DOMAIN-SUFFIX,securepayments.ru
DOMAIN-SUFFIX,payments.ru
DOMAIN-SUFFIX,3ds2.yookassa.ru
DOMAIN-SUFFIX,mos.ru
DOMAIN-SUFFIX,mosgortrans.ru
DOMAIN-SUFFIX,appmetrica.yandex.net
DOMAIN-SUFFIX,fabrika-fotoknigi.com
DOMAIN-SUFFIX,ecowitt.net
DOMAIN-SUFFIX,ambientweather.net
DOMAIN-KEYWORD,xiaomi,DIRECT
DOMAIN-SUFFIX,mi.com,DIRECT
DOMAIN-SUFFIX,samsung.com,DIRECT
DOMAIN-SUFFIX,samsungcloud.com,DIRECT
DOMAIN-SUFFIX,samsungcloudsolution.com,DIRECT
DOMAIN-SUFFIX,samsungads.com,DIRECT
DOMAIN-SUFFIX,samsungqbe.com,DIRECT
DOMAIN-SUFFIX,samsungotf.com,DIRECT
DOMAIN-SUFFIX,samsungdm.com,DIRECT
DOMAIN-SUFFIX,samsungcloudsolution.net,DIRECT
DOMAIN-SUFFIX,samsung.net,DIRECT
DOMAIN-SUFFIX,samsungknox.com,DIRECT
DOMAIN-SUFFIX,samsungosp.com,DIRECT
DOMAIN-SUFFIX,smartthings.com,DIRECT
DOMAIN-SUFFIX,tizen.org,DIRECT
DOMAIN-KEYWORD,bitrix24,DIRECT
DOMAIN-SUFFIX,bitrix24disk.ru,DIRECT
DOMAIN-SUFFIX,bitrixsetup.ru,DIRECT
DOMAIN-SUFFIX,bitrix.info,DIRECT
